<?xml version="1.0" encoding="UTF-8"?>
<!-- Generated by org.testng.reporters.JUnitXMLReporter -->
<testsuite ignored="0" hostname="DESKTOP-F904GN0" failures="0" tests="2" name="Test" time="20.803" errors="0" timestamp="20 Mar 2022 06:39:05 GMT">
  <testcase classname="com.bankguru.login.Login_01_Register_And_Login_Repeat_Yourself" name="@AfterClass cleanBrowser" time="0.792">
    <failure type="org.openqa.selenium.remote.UnreachableBrowserException" message="Error communicating with the remote browser. It may have died.
Build info: version: &amp;apos;3.5.0&amp;apos;, revision: &amp;apos;8def36e068&amp;apos;, time: &amp;apos;2017-08-10T23:00:22.093Z&amp;apos;
System info: host: &amp;apos;DESKTOP-F904GN0&amp;apos;, ip: &amp;apos;192.168.58.1&amp;apos;, os.name: &amp;apos;Windows 10&amp;apos;, os.arch: &amp;apos;amd64&amp;apos;, os.version: &amp;apos;10.0&amp;apos;, java.version: &amp;apos;16.0.1&amp;apos;
Driver info: driver.version: RemoteWebDriver
Capabilities [{moz:profile=C:\Users\16145\AppData\Local\Temp\rust_mozprofilen1opcd, rotatable=false, moz:geckodriverVersion=0.30.0, timeouts={implicit=0.0, pageLoad=300000.0, script=30000.0}, pageLoadStrategy=normal, unhandledPromptBehavior=dismiss and notify, strictFileInteractability=false, moz:headless=false, platform=ANY, moz:accessibilityChecks=false, moz:useNonSpecCompliantPointerOrigin=false, acceptInsecureCerts=false, browserVersion=84.0.2, moz:shutdownTimeout=60000.0, platformVersion=10.0, moz:processID=16064.0, browserName=firefox, moz:buildID=20210105180113, javascriptEnabled=true, platformName=windows, setWindowRect=true, moz:webdriverClick=true}]
Session ID: daf6cb3f-6d79-4dbd-ab20-90ea79dca2c1">
      <![CDATA[org.openqa.selenium.remote.UnreachableBrowserException: Error communicating with the remote browser. It may have died.
Build info: version: '3.5.0', revision: '8def36e068', time: '2017-08-10T23:00:22.093Z'
System info: host: 'DESKTOP-F904GN0', ip: '192.168.58.1', os.name: 'Windows 10', os.arch: 'amd64', os.version: '10.0', java.version: '16.0.1'
Driver info: driver.version: RemoteWebDriver
Capabilities [{moz:profile=C:\Users\16145\AppData\Local\Temp\rust_mozprofilen1opcd, rotatable=false, moz:geckodriverVersion=0.30.0, timeouts={implicit=0.0, pageLoad=300000.0, script=30000.0}, pageLoadStrategy=normal, unhandledPromptBehavior=dismiss and notify, strictFileInteractability=false, moz:headless=false, platform=ANY, moz:accessibilityChecks=false, moz:useNonSpecCompliantPointerOrigin=false, acceptInsecureCerts=false, browserVersion=84.0.2, moz:shutdownTimeout=60000.0, platformVersion=10.0, moz:processID=16064.0, browserName=firefox, moz:buildID=20210105180113, javascriptEnabled=true, platformName=windows, setWindowRect=true, moz:webdriverClick=true}]
Session ID: daf6cb3f-6d79-4dbd-ab20-90ea79dca2c1
at org.openqa.selenium.remote.RemoteWebDriver.execute(RemoteWebDriver.java:662)
at org.openqa.selenium.remote.RemoteWebDriver.execute(RemoteWebDriver.java:698)
at org.openqa.selenium.remote.RemoteWebDriver.quit(RemoteWebDriver.java:537)
at com.bankguru.login.Login_01_Register_And_Login_Repeat_Yourself.cleanBrowser(Login_01_Register_And_Login_Repeat_Yourself.java:55)
Caused by: java.lang.RuntimeException: Process refused to die after 10 seconds, and couldn't taskkill it: Couldn't detect pid
at org.openqa.selenium.os.ProcessUtils.killWinProcess(ProcessUtils.java:133)
at org.openqa.selenium.os.ProcessUtils.killProcess(ProcessUtils.java:81)
at org.openqa.selenium.os.UnixProcess$SeleniumWatchDog.destroyHarder(UnixProcess.java:265)
at org.openqa.selenium.os.UnixProcess$SeleniumWatchDog.access$200(UnixProcess.java:219)
at org.openqa.selenium.os.UnixProcess.destroy(UnixProcess.java:127)
at org.openqa.selenium.os.CommandLine.destroy(CommandLine.java:153)
at org.openqa.selenium.remote.service.DriverService.stop(DriverService.java:220)
at org.openqa.selenium.remote.service.DriverCommandExecutor.execute(DriverCommandExecutor.java:94)
at org.openqa.selenium.remote.RemoteWebDriver.execute(RemoteWebDriver.java:641)
... 29 more
Caused by: java.lang.RuntimeException: Couldn't detect pid
at org.openqa.selenium.os.ProcessUtils.getProcessId(ProcessUtils.java:195)
at org.openqa.selenium.os.ProcessUtils.killWinProcess(ProcessUtils.java:128)
... 37 more
at org.openqa.selenium.os.ProcessUtils.getProcessId(ProcessUtils.java:181)
... 38 more
... Removed 31 stack frames]]>
    </failure>
  </testcase> <!-- @AfterClass cleanBrowser -->
  <testcase classname="com.bankguru.login.Login_01_Register_And_Login_Repeat_Yourself" name="Login_01_Register_To_System" time="8.207"/>
  <testcase classname="com.bankguru.login.Login_01_Register_And_Login_Repeat_Yourself" name="Login_02_Login_To_System" time="2.667"/>
</testsuite> <!-- Test -->
